<?xml version="1.0" encoding="UTF-8"?>
<testng-results total="1" passed="1" failed="0" skipped="0">
  <reporter-output>
  </reporter-output>
  <suite started-at="2020-09-23T15:08:20Z" name="BDD Test Suite" finished-at="2020-09-23T15:08:20Z" duration-ms="382">
    <groups>
      <group name="cucumber">
        <method signature="TestRunner.feature(cucumber.api.testng.CucumberFeatureWrapper)[pri:0, instance:TestRunner@75881071]" name="feature" class="TestRunner"/>
      </group> <!-- cucumber -->
    </groups>
    <test started-at="2020-09-23T15:08:20Z" name="Login and Update Profile Test" finished-at="2020-09-23T15:08:20Z" duration-ms="382">
      <class name="TestRunner">
        <test-method is-config="true" signature="setUpClass()[pri:0, instance:TestRunner@75881071]" started-at="2020-09-23T16:08:20Z" name="setUpClass" finished-at="2020-09-23T16:08:20Z" duration-ms="212" status="PASS">
          <reporter-output>
          </reporter-output>
        </test-method> <!-- setUpClass -->
        <test-method signature="feature(cucumber.api.testng.CucumberFeatureWrapper)[pri:0, instance:TestRunner@75881071]" started-at="2020-09-23T16:08:20Z" name="feature" description="Runs Cucumber Feature" data-provider="features" finished-at="2020-09-23T16:08:20Z" duration-ms="55" status="PASS">
          <params>
            <param index="0">
              <value>
                <![CDATA[Registration]]>
              </value>
            </param>
          </params>
          <reporter-output>
          </reporter-output>
        </test-method> <!-- feature -->
        <test-method is-config="true" signature="tearDownClass()[pri:0, instance:TestRunner@75881071]" started-at="2020-09-23T16:08:20Z" name="tearDownClass" finished-at="2020-09-23T16:08:20Z" duration-ms="29" status="PASS">
          <reporter-output>
          </reporter-output>
        </test-method> <!-- tearDownClass -->
      </class> <!-- TestRunner -->
    </test> <!-- Login and Update Profile Test -->
  </suite> <!-- BDD Test Suite -->
</testng-results>
